# JRE version: OpenJDK Runtime Environment Temurin-17.0.13+11 (17.0.13+11) (build 17.0.13+11)
# Java VM: OpenJDK 64-Bit Server VM Temurin-17.0.13+11 (17.0.13+11, mixed mode, tiered, compressed oops, compressed class ptrs, parallel gc, windows-amd64)
GC Precious Log:
 CPUs: 4 total, 4 available
 Memory: 8073M
 Large Page Support: Disabled
 NUMA Support: Disabled
 Compressed Oops: Enabled (32-bit)
 Alignments: Space 512K, Generation 512K, Heap 2M
 Heap Min Capacity: 100M
 Heap Initial Capacity: 100M
 Heap Max Capacity: 1G
 Pre-touch: Disabled
 Parallel Workers: 4
Heap:
 PSYoungGen      total 4608K, used 4608K [0x00000000eab00000, 0x00000000eb200000, 0x0000000100000000)
  eden space 4096K, 100% used [0x00000000eab00000,0x00000000eaf00000,0x00000000eaf00000)
  from space 512K, 100% used [0x00000000eb080000,0x00000000eb100000,0x00000000eb100000)
  to   space 1536K, 61% used [0x00000000eaf00000,0x00000000eafec030,0x00000000eb080000)
 ParOldGen       total 112128K, used 101645K [0x00000000c0000000, 0x00000000c6d80000, 0x00000000eab00000)
  object space 112128K, 90% used [0x00000000c0000000,0x00000000c63434e8,0x00000000c6d80000)
 Metaspace       used 92880K, committed 94208K, reserved 1179648K
  class space    used 9329K, committed 9920K, reserved 1048576K
GC Heap History (20 events):
Event: 1439.203 GC heap after
{Heap after GC invocations=2504 (full 54):
 PSYoungGen      total 6144K, used 832K [0x00000000eab00000, 0x00000000eb280000, 0x0000000100000000)
  eden space 5120K, 0% used [0x00000000eab00000,0x00000000eab00000,0x00000000eb000000)
  from space 1024K, 81% used [0x00000000eb000000,0x00000000eb0d0020,0x00000000eb100000)
  to   space 1024K, 0% used [0x00000000eb180000,0x00000000eb180000,0x00000000eb280000)
 ParOldGen       total 112128K, used 97492K [0x00000000c0000000, 0x00000000c6d80000, 0x00000000eab00000)
  object space 112128K, 86% used [0x00000000c0000000,0x00000000c5f35038,0x00000000c6d80000)
 Metaspace       used 92863K, committed 94144K, reserved 1179648K
  class space    used 9329K, committed 9920K, reserved 1048576K
}
Event: 1439.389 GC heap before
{Heap before GC invocations=2505 (full 54):
 PSYoungGen      total 6144K, used 5952K [0x00000000eab00000, 0x00000000eb280000, 0x0000000100000000)
  eden space 5120K, 100% used [0x00000000eab00000,0x00000000eb000000,0x00000000eb000000)
  from space 1024K, 81% used [0x00000000eb000000,0x00000000eb0d0020,0x00000000eb100000)
  to   space 1024K, 0% used [0x00000000eb180000,0x00000000eb180000,0x00000000eb280000)
 ParOldGen       total 112128K, used 97492K [0x00000000c0000000, 0x00000000c6d80000, 0x00000000eab00000)
  object space 112128K, 86% used [0x00000000c0000000,0x00000000c5f35038,0x00000000c6d80000)
 Metaspace       used 92867K, committed 94144K, reserved 1179648K
  class space    used 9329K, committed 9920K, reserved 1048576K
}
Event: 1439.393 GC heap after
{Heap after GC invocations=2505 (full 54):
 PSYoungGen      total 5120K, used 1024K [0x00000000eab00000, 0x00000000eb580000, 0x0000000100000000)
  eden space 4096K, 0% used [0x00000000eab00000,0x00000000eab00000,0x00000000eaf00000)
  from space 1024K, 100% used [0x00000000eb180000,0x00000000eb280000,0x00000000eb280000)
  to   space 2560K, 0% used [0x00000000eaf00000,0x00000000eaf00000,0x00000000eb180000)
 ParOldGen       total 112128K, used 98626K [0x00000000c0000000, 0x00000000c6d80000, 0x00000000eab00000)
  object space 112128K, 87% used [0x00000000c0000000,0x00000000c60509d8,0x00000000c6d80000)
 Metaspace       used 92867K, committed 94144K, reserved 1179648K
  class space    used 9329K, committed 9920K, reserved 1048576K
}
Event: 1439.413 GC heap before
{Heap before GC invocations=2506 (full 54):
 PSYoungGen      total 5120K, used 4391K [0x00000000eab00000, 0x00000000eb580000, 0x0000000100000000)
  eden space 4096K, 82% used [0x00000000eab00000,0x00000000eae49de0,0x00000000eaf00000)
  from space 1024K, 100% used [0x00000000eb180000,0x00000000eb280000,0x00000000eb280000)
  to   space 2560K, 0% used [0x00000000eaf00000,0x00000000eaf00000,0x00000000eb180000)
 ParOldGen       total 112128K, used 98626K [0x00000000c0000000, 0x00000000c6d80000, 0x00000000eab00000)
  object space 112128K, 87% used [0x00000000c0000000,0x00000000c60509d8,0x00000000c6d80000)
 Metaspace       used 92867K, committed 94144K, reserved 1179648K
  class space    used 9329K, committed 9920K, reserved 1048576K
}
Event: 1439.415 GC heap after
{Heap after GC invocations=2506 (full 54):
 PSYoungGen      total 4608K, used 236K [0x00000000eab00000, 0x00000000eb200000, 0x0000000100000000)
  eden space 4096K, 0% used [0x00000000eab00000,0x00000000eab00000,0x00000000eaf00000)
  from space 512K, 46% used [0x00000000eaf00000,0x00000000eaf3b2f8,0x00000000eaf80000)
  to   space 1024K, 0% used [0x00000000eb100000,0x00000000eb100000,0x00000000eb200000)
 ParOldGen       total 112128K, used 99539K [0x00000000c0000000, 0x00000000c6d80000, 0x00000000eab00000)
  object space 112128K, 88% used [0x00000000c0000000,0x00000000c6134c50,0x00000000c6d80000)
 Metaspace       used 92867K, committed 94144K, reserved 1179648K
  class space    used 9329K, committed 9920K, reserved 1048576K
}
Event: 1439.441 GC heap before
{Heap before GC invocations=2507 (full 54):
 PSYoungGen      total 4608K, used 4322K [0x00000000eab00000, 0x00000000eb200000, 0x0000000100000000)
  eden space 4096K, 99% used [0x00000000eab00000,0x00000000eaefd658,0x00000000eaf00000)
  from space 512K, 46% used [0x00000000eaf00000,0x00000000eaf3b2f8,0x00000000eaf80000)
  to   space 1024K, 0% used [0x00000000eb100000,0x00000000eb100000,0x00000000eb200000)
 ParOldGen       total 112128K, used 99539K [0x00000000c0000000, 0x00000000c6d80000, 0x00000000eab00000)
  object space 112128K, 88% used [0x00000000c0000000,0x00000000c6134c50,0x00000000c6d80000)
 Metaspace       used 92867K, committed 94144K, reserved 1179648K
  class space    used 9329K, committed 9920K, reserved 1048576K
}
Event: 1439.442 GC heap after
{Heap after GC invocations=2507 (full 54):
 PSYoungGen      total 4608K, used 128K [0x00000000eab00000, 0x00000000eb180000, 0x0000000100000000)
  eden space 4096K, 0% used [0x00000000eab00000,0x00000000eab00000,0x00000000eaf00000)
  from space 512K, 25% used [0x00000000eb100000,0x00000000eb120000,0x00000000eb180000)
  to   space 512K, 0% used [0x00000000eaf00000,0x00000000eaf00000,0x00000000eaf80000)
 ParOldGen       total 112128K, used 99777K [0x00000000c0000000, 0x00000000c6d80000, 0x00000000eab00000)
  object space 112128K, 88% used [0x00000000c0000000,0x00000000c61706b0,0x00000000c6d80000)
 Metaspace       used 92867K, committed 94144K, reserved 1179648K
  class space    used 9329K, committed 9920K, reserved 1048576K
}
Event: 1439.449 GC heap before
{Heap before GC invocations=2508 (full 54):
 PSYoungGen      total 4608K, used 3722K [0x00000000eab00000, 0x00000000eb180000, 0x0000000100000000)
  eden space 4096K, 87% used [0x00000000eab00000,0x00000000eae82820,0x00000000eaf00000)
  from space 512K, 25% used [0x00000000eb100000,0x00000000eb120000,0x00000000eb180000)
  to   space 512K, 0% used [0x00000000eaf00000,0x00000000eaf00000,0x00000000eaf80000)
 ParOldGen       total 112128K, used 99777K [0x00000000c0000000, 0x00000000c6d80000, 0x00000000eab00000)
  object space 112128K, 88% used [0x00000000c0000000,0x00000000c61706b0,0x00000000c6d80000)
 Metaspace       used 92867K, committed 94144K, reserved 1179648K
  class space    used 9329K, committed 9920K, reserved 1048576K
}
Event: 1439.450 GC heap after
{Heap after GC invocations=2508 (full 54):
 PSYoungGen      total 4608K, used 128K [0x00000000eab00000, 0x00000000eb180000, 0x0000000100000000)
  eden space 4096K, 0% used [0x00000000eab00000,0x00000000eab00000,0x00000000eaf00000)
  from space 512K, 25% used [0x00000000eaf00000,0x00000000eaf20000,0x00000000eaf80000)
  to   space 512K, 0% used [0x00000000eb100000,0x00000000eb100000,0x00000000eb180000)
 ParOldGen       total 112128K, used 99777K [0x00000000c0000000, 0x00000000c6d80000, 0x00000000eab00000)
  object space 112128K, 88% used [0x00000000c0000000,0x00000000c61706b0,0x00000000c6d80000)
 Metaspace       used 92867K, committed 94144K, reserved 1179648K
  class space    used 9329K, committed 9920K, reserved 1048576K
}
Event: 1439.457 GC heap before
{Heap before GC invocations=2509 (full 54):
 PSYoungGen      total 4608K, used 4224K [0x00000000eab00000, 0x00000000eb180000, 0x0000000100000000)
  eden space 4096K, 100% used [0x00000000eab00000,0x00000000eaf00000,0x00000000eaf00000)
  from space 512K, 25% used [0x00000000eaf00000,0x00000000eaf20000,0x00000000eaf80000)
  to   space 512K, 0% used [0x00000000eb100000,0x00000000eb100000,0x00000000eb180000)
 ParOldGen       total 112128K, used 99777K [0x00000000c0000000, 0x00000000c6d80000, 0x00000000eab00000)
  object space 112128K, 88% used [0x00000000c0000000,0x00000000c61706b0,0x00000000c6d80000)
 Metaspace       used 92867K, committed 94144K, reserved 1179648K
  class space    used 9329K, committed 9920K, reserved 1048576K
}
Event: 1439.458 GC heap after
{Heap after GC invocations=2509 (full 54):
 PSYoungGen      total 4608K, used 448K [0x00000000eab00000, 0x00000000eb180000, 0x0000000100000000)
  eden space 4096K, 0% used [0x00000000eab00000,0x00000000eab00000,0x00000000eaf00000)
  from space 512K, 87% used [0x00000000eb100000,0x00000000eb170000,0x00000000eb180000)
  to   space 512K, 0% used [0x00000000eaf00000,0x00000000eaf00000,0x00000000eaf80000)
 ParOldGen       total 112128K, used 99777K [0x00000000c0000000, 0x00000000c6d80000, 0x00000000eab00000)
  object space 112128K, 88% used [0x00000000c0000000,0x00000000c61706b0,0x00000000c6d80000)
 Metaspace       used 92867K, committed 94144K, reserved 1179648K
  class space    used 9329K, committed 9920K, reserved 1048576K
}
Event: 1439.650 GC heap before
{Heap before GC invocations=2510 (full 54):
 PSYoungGen      total 4608K, used 4544K [0x00000000eab00000, 0x00000000eb180000, 0x0000000100000000)
  eden space 4096K, 100% used [0x00000000eab00000,0x00000000eaf00000,0x00000000eaf00000)
  from space 512K, 87% used [0x00000000eb100000,0x00000000eb170000,0x00000000eb180000)
  to   space 512K, 0% used [0x00000000eaf00000,0x00000000eaf00000,0x00000000eaf80000)
 ParOldGen       total 112128K, used 99777K [0x00000000c0000000, 0x00000000c6d80000, 0x00000000eab00000)
  object space 112128K, 88% used [0x00000000c0000000,0x00000000c61706b0,0x00000000c6d80000)
 Metaspace       used 92874K, committed 94208K, reserved 1179648K
  class space    used 9329K, committed 9920K, reserved 1048576K
}
Event: 1439.653 GC heap after
{Heap after GC invocations=2510 (full 54):
 PSYoungGen      total 4608K, used 512K [0x00000000eab00000, 0x00000000eb180000, 0x0000000100000000)
  eden space 4096K, 0% used [0x00000000eab00000,0x00000000eab00000,0x00000000eaf00000)
  from space 512K, 100% used [0x00000000eaf00000,0x00000000eaf80000,0x00000000eaf80000)
  to   space 1024K, 0% used [0x00000000eb080000,0x00000000eb080000,0x00000000eb180000)
 ParOldGen       total 112128K, used 99817K [0x00000000c0000000, 0x00000000c6d80000, 0x00000000eab00000)
  object space 112128K, 89% used [0x00000000c0000000,0x00000000c617a6b0,0x00000000c6d80000)
 Metaspace       used 92874K, committed 94208K, reserved 1179648K
  class space    used 9329K, committed 9920K, reserved 1048576K
}
Event: 1439.683 GC heap before
{Heap before GC invocations=2511 (full 54):
 PSYoungGen      total 4608K, used 4608K [0x00000000eab00000, 0x00000000eb180000, 0x0000000100000000)
  eden space 4096K, 100% used [0x00000000eab00000,0x00000000eaf00000,0x00000000eaf00000)
  from space 512K, 100% used [0x00000000eaf00000,0x00000000eaf80000,0x00000000eaf80000)
  to   space 1024K, 0% used [0x00000000eb080000,0x00000000eb080000,0x00000000eb180000)
 ParOldGen       total 112128K, used 99817K [0x00000000c0000000, 0x00000000c6d80000, 0x00000000eab00000)
  object space 112128K, 89% used [0x00000000c0000000,0x00000000c617a6b0,0x00000000c6d80000)
 Metaspace       used 92876K, committed 94208K, reserved 1179648K
  class space    used 9329K, committed 9920K, reserved 1048576K
}
Event: 1439.685 GC heap after
{Heap after GC invocations=2511 (full 54):
 PSYoungGen      total 5120K, used 576K [0x00000000eab00000, 0x00000000eb180000, 0x0000000100000000)
  eden space 4096K, 0% used [0x00000000eab00000,0x00000000eab00000,0x00000000eaf00000)
  from space 1024K, 56% used [0x00000000eb080000,0x00000000eb110000,0x00000000eb180000)
  to   space 1024K, 0% used [0x00000000eaf80000,0x00000000eaf80000,0x00000000eb080000)
 ParOldGen       total 112128K, used 99849K [0x00000000c0000000, 0x00000000c6d80000, 0x00000000eab00000)
  object space 112128K, 89% used [0x00000000c0000000,0x00000000c61826b0,0x00000000c6d80000)
 Metaspace       used 92876K, committed 94208K, reserved 1179648K
  class space    used 9329K, committed 9920K, reserved 1048576K
}
Event: 1439.754 GC heap before
{Heap before GC invocations=2512 (full 54):
 PSYoungGen      total 5120K, used 4672K [0x00000000eab00000, 0x00000000eb180000, 0x0000000100000000)
  eden space 4096K, 100% used [0x00000000eab00000,0x00000000eaf00000,0x00000000eaf00000)
  from space 1024K, 56% used [0x00000000eb080000,0x00000000eb110000,0x00000000eb180000)
  to   space 1024K, 0% used [0x00000000eaf80000,0x00000000eaf80000,0x00000000eb080000)
 ParOldGen       total 112128K, used 99849K [0x00000000c0000000, 0x00000000c6d80000, 0x00000000eab00000)
  object space 112128K, 89% used [0x00000000c0000000,0x00000000c61826b0,0x00000000c6d80000)
 Metaspace       used 92876K, committed 94208K, reserved 1179648K
  class space    used 9329K, committed 9920K, reserved 1048576K
}
Event: 1439.756 GC heap after
{Heap after GC invocations=2512 (full 54):
 PSYoungGen      total 5120K, used 912K [0x00000000eab00000, 0x00000000eb100000, 0x0000000100000000)
  eden space 4096K, 0% used [0x00000000eab00000,0x00000000eab00000,0x00000000eaf00000)
  from space 1024K, 89% used [0x00000000eaf80000,0x00000000eb064030,0x00000000eb080000)
  to   space 512K, 0% used [0x00000000eb080000,0x00000000eb080000,0x00000000eb100000)
 ParOldGen       total 112128K, used 99849K [0x00000000c0000000, 0x00000000c6d80000, 0x00000000eab00000)
  object space 112128K, 89% used [0x00000000c0000000,0x00000000c61826b0,0x00000000c6d80000)
 Metaspace       used 92876K, committed 94208K, reserved 1179648K
  class space    used 9329K, committed 9920K, reserved 1048576K
}
Event: 1439.862 GC heap before
{Heap before GC invocations=2513 (full 54):
 PSYoungGen      total 5120K, used 5008K [0x00000000eab00000, 0x00000000eb100000, 0x0000000100000000)
  eden space 4096K, 100% used [0x00000000eab00000,0x00000000eaf00000,0x00000000eaf00000)
  from space 1024K, 89% used [0x00000000eaf80000,0x00000000eb064030,0x00000000eb080000)
  to   space 512K, 0% used [0x00000000eb080000,0x00000000eb080000,0x00000000eb100000)
 ParOldGen       total 112128K, used 99849K [0x00000000c0000000, 0x00000000c6d80000, 0x00000000eab00000)
  object space 112128K, 89% used [0x00000000c0000000,0x00000000c61826b0,0x00000000c6d80000)
 Metaspace       used 92880K, committed 94208K, reserved 1179648K
  class space    used 9329K, committed 9920K, reserved 1048576K
}
Event: 1439.863 GC heap after
{Heap after GC invocations=2513 (full 54):
 PSYoungGen      total 4608K, used 512K [0x00000000eab00000, 0x00000000eb200000, 0x0000000100000000)
  eden space 4096K, 0% used [0x00000000eab00000,0x00000000eab00000,0x00000000eaf00000)
  from space 512K, 100% used [0x00000000eb080000,0x00000000eb100000,0x00000000eb100000)
  to   space 1536K, 0% used [0x00000000eaf00000,0x00000000eaf00000,0x00000000eb080000)
 ParOldGen       total 112128K, used 100676K [0x00000000c0000000, 0x00000000c6d80000, 0x00000000eab00000)
  object space 112128K, 89% used [0x00000000c0000000,0x00000000c6251270,0x00000000c6d80000)
 Metaspace       used 92880K, committed 94208K, reserved 1179648K
  class space    used 9329K, committed 9920K, reserved 1048576K
}
Event: 1440.069 GC heap before
{Heap before GC invocations=2514 (full 54):
 PSYoungGen      total 4608K, used 4608K [0x00000000eab00000, 0x00000000eb200000, 0x0000000100000000)
  eden space 4096K, 100% used [0x00000000eab00000,0x00000000eaf00000,0x00000000eaf00000)
  from space 512K, 100% used [0x00000000eb080000,0x00000000eb100000,0x00000000eb100000)
  to   space 1536K, 0% used [0x00000000eaf00000,0x00000000eaf00000,0x00000000eb080000)
 ParOldGen       total 112128K, used 100676K [0x00000000c0000000, 0x00000000c6d80000, 0x00000000eab00000)
  object space 112128K, 89% used [0x00000000c0000000,0x00000000c6251270,0x00000000c6d80000)
 Metaspace       used 92880K, committed 94208K, reserved 1179648K
  class space    used 9329K, committed 9920K, reserved 1048576K
}

